<?xml version="1.0" encoding="UTF-8"?>
<!-- Generated by org.testng.reporters.JUnitXMLReporter -->
<testsuite hostname="RSASANJEEV" ignored="1" name="AnotherTest" tests="1" failures="0" timestamp="2021-07-19T13:33:04 CDT" time="0.037" errors="0">
  <testcase name="firstTestMethodForAnotherTest" time="0.005" classname="com.testng.test.TestClass"/>
  <testcase name="firstTestMethod" time="0.0" classname="com.testng.test.TestClass">
    <ignored/>
  </testcase> <!-- firstTestMethod -->
</testsuite> <!-- AnotherTest -->
