<?xml version="1.0" encoding="UTF-8"?>
<!-- Generated by org.testng.reporters.JUnitXMLReporter -->
<testsuite hostname="RSASANJEEV" ignored="3" name="Test" tests="1" failures="0" timestamp="2021-07-19T13:33:04 CDT" time="0.037" errors="0">
  <testcase name="smokeTest1" time="0.004" classname="com.testng.test.Group"/>
  <testcase name="satnitTest1" time="0.0" classname="com.testng.test.Group">
    <ignored/>
  </testcase> <!-- satnitTest1 -->
  <testcase name="regressionTest1" time="0.0" classname="com.testng.test.Group">
    <ignored/>
  </testcase> <!-- regressionTest1 -->
  <testcase name="satnitTest2" time="0.0" classname="com.testng.test.Group">
    <ignored/>
  </testcase> <!-- satnitTest2 -->
</testsuite> <!-- Test -->
